<?xml version="1.0" encoding="UTF-8"?>
<!-- Generated by org.testng.reporters.JUnitXMLReporter -->
<testsuite hostname="DSANDADI-LT" failures="0" tests="1" name="Command line test" time="0.118" errors="0" timestamp="25 Mar 2019 18:24:49 GMT">
  <testcase classname="exampleclass.NewTest" name="@BeforeTest beforeTest" time="0.0">
    <failure type="java.lang.NoClassDefFoundError" message="org/openqa/selenium/remote/DesiredCapabilities">
      <![CDATA[java.lang.NoClassDefFoundError: org/openqa/selenium/remote/DesiredCapabilities
	at org.openqa.selenium.chrome.ChromeOptions.toCapabilities(ChromeOptions.java:235)
	at org.openqa.selenium.chrome.ChromeDriver.<init>(ChromeDriver.java:160)
	at org.openqa.selenium.chrome.ChromeDriver.<init>(ChromeDriver.java:117)
	at exampleclass.NewTest.beforeTest(NewTest.java:15)
	at org.apache.maven.surefire.testng.TestNGExecutor.run(TestNGExecutor.java:77)
	at org.apache.maven.surefire.testng.TestNGDirectoryTestSuite.execute(TestNGDirectoryTestSuite.java:110)
	at org.apache.maven.surefire.testng.TestNGProvider.invoke(TestNGProvider.java:106)
	at org.apache.maven.surefire.util.ReflectionUtils.invokeMethodWithArray(ReflectionUtils.java:189)
	at org.apache.maven.surefire.booter.ProviderFactory$ProviderProxy.invoke(ProviderFactory.java:165)
	at org.apache.maven.surefire.booter.ProviderFactory.invokeProvider(ProviderFactory.java:85)
	at org.apache.maven.surefire.booter.ForkedBooter.runSuitesInProcess(ForkedBooter.java:115)
	at org.apache.maven.surefire.booter.ForkedBooter.main(ForkedBooter.java:75)
Caused by: java.lang.ClassNotFoundException: org.openqa.selenium.remote.DesiredCapabilities
	at java.base/jdk.internal.loader.BuiltinClassLoader.loadClass(BuiltinClassLoader.java:583)
	at java.base/jdk.internal.loader.ClassLoaders$AppClassLoader.loadClass(ClassLoaders.java:178)
	at java.base/java.lang.ClassLoader.loadClass(ClassLoader.java:521)
	... 35 more
... Removed 23 stack frames]]>
    </failure>
  </testcase> <!-- @BeforeTest beforeTest -->
  <testcase classname="exampleclass.NewTest" name="@AfterTest afterTest" time="0.0">
    <skipped/>
  </testcase> <!-- @AfterTest afterTest -->
  <testcase classname="exampleclass.NewTest" name="testEasy" time="0.001">
    <skipped/>
  </testcase> <!-- testEasy -->
</testsuite> <!-- Command line test -->
